<?xml version="1.0" encoding="UTF-8"?>
<!-- Generated by org.testng.reporters.JUnitReportReporter -->
<testsuite hostname="DESKTOP-FAEE84E" failures="0" tests="1" name="greatestNumber.TestngTest" time="0.017" errors="0" timestamp="2022-02-08T16:04:15 IST" skipped="0">
  <testcase classname="greatestNumber.TestngTest" name="GreatestFour" time="0.017"/>
  <system-out/>
</testsuite> <!-- greatestNumber.TestngTest -->
