<?xml version="1.0" encoding="UTF-8"?>
<!-- Generated by org.testng.reporters.JUnitReportReporter -->
<testsuite hostname="DESKTOP-FAEE84E" failures="0" tests="1" name="testng.TestngTest" time="0.016" errors="0" timestamp="2022-02-08T15:59:02 IST" skipped="0">
  <testcase classname="testng.TestngTest" name="GreatestFour" time="0.016"/>
  <system-out/>
</testsuite> <!-- testng.TestngTest -->
