<?xml version="1.0" encoding="UTF-8"?>
<!-- Generated by org.testng.reporters.JUnitReportReporter -->
<testsuite hostname="DESKTOP-FAEE84E" failures="0" tests="2" name="ui.LoginTest" time="0.016" errors="0" timestamp="2022-02-04T10:04:12 IST" skipped="0">
  <testcase classname="ui.LoginTest" name="bTest1" time="0.011"/>
  <system-out/>
  <testcase classname="ui.LoginTest" name="aTest2" time="0.005"/>
  <system-out/>
</testsuite> <!-- ui.LoginTest -->
